<?xml version="1.0" encoding="UTF-8"?>
<!-- Generated by org.testng.reporters.JUnitReportReporter -->
<testsuite skipped="0" hostname="DESKTOP-5CJSCVQ" name="apitestestcases.TC2_PostRequest" tests="5" failures="0" timestamp="2021-08-26T15:44:11 EDT" time="7.000" errors="0">
  <testcase name="tc_getAllvideoGames" time="2.362" classname="apitestestcases.TC2_PostRequest"/>
  <system-out/>
  <testcase name="tc_PostRequest" time="0.603" classname="apitestestcases.TC2_PostRequest"/>
  <system-out/>
  <testcase name="get_VideoGame" time="0.864" classname="apitestestcases.TC2_PostRequest"/>
  <system-out/>
  <testcase name="update_videoGame" time="0.111" classname="apitestestcases.TC2_PostRequest"/>
  <system-out/>
  <testcase name="delete_VideoGame" time="3.060" classname="apitestestcases.TC2_PostRequest"/>
  <system-out/>
</testsuite> <!-- apitestestcases.TC2_PostRequest -->
